<?xml version="1.0" encoding="UTF-8"?>
<!-- Generated by org.testng.reporters.JUnitReportReporter -->
<testsuite hostname="DESKTOP-NCKGJI9" failures="0" tests="2" name="ecommerceproject.ecommerceproject.ErrorValidationTest" time="12.592" errors="0" timestamp="2023-09-29T20:05:40 IST" skipped="0">
  <testcase classname="ecommerceproject.ecommerceproject.ErrorValidationTest" name="loginErrorValidation" time="4.679"/>
  <system-out/>
  <testcase classname="ecommerceproject.ecommerceproject.ErrorValidationTest" name="productErrorValidation" time="7.913"/>
  <system-out/>
</testsuite> <!-- ecommerceproject.ecommerceproject.ErrorValidationTest -->
