<?xml version="1.0" encoding="UTF-8"?>
<!-- Generated by org.testng.reporters.JUnitReportReporter -->
<testsuite hostname="DESKTOP-NCKGJI9" failures="0" tests="1" name="ecommerceproject.ecommerceproject.SubmitOrderTest" time="23.817" errors="0" timestamp="2023-09-18T12:45:50 IST" skipped="0">
  <testcase classname="ecommerceproject.ecommerceproject.SubmitOrderTest" name="submitOrder" time="23.817"/>
  <system-out/>
</testsuite> <!-- ecommerceproject.ecommerceproject.SubmitOrderTest -->
