<?xml version="1.0" encoding="UTF-8"?>
<!-- Generated by org.testng.reporters.JUnitReportReporter -->
<testsuite hostname="DESKTOP-NCKGJI9" failures="0" tests="4" name="ecommerceproject.ecommerceproject.SubmitOrderTest" time="58.245" errors="0" timestamp="2023-09-19T21:43:13 IST" skipped="0">
  <testcase classname="ecommerceproject.ecommerceproject.SubmitOrderTest" name="orderHistoryTest" time="17.210"/>
  <system-out/>
  <testcase classname="ecommerceproject.ecommerceproject.SubmitOrderTest" name="submitOrder" time="11.235"/>
  <system-out/>
  <testcase classname="ecommerceproject.ecommerceproject.SubmitOrderTest" name="orderHistoryTest" time="5.328"/>
  <system-out/>
  <testcase classname="ecommerceproject.ecommerceproject.SubmitOrderTest" name="submitOrder" time="24.472"/>
  <system-out/>
</testsuite> <!-- ecommerceproject.ecommerceproject.SubmitOrderTest -->
