<?xml version="1.0" encoding="UTF-8"?>
<!-- Generated by org.testng.reporters.JUnitReportReporter -->
<testsuite hostname="DESKTOP-NCKGJI9" failures="0" tests="1" name="ecommerceproject.ecommerceproject.StandAloneTest" time="41.447" errors="0" timestamp="2023-09-12T12:50:17 IST" skipped="0">
  <testcase classname="ecommerceproject.ecommerceproject.StandAloneTest" name="submitOrder" time="41.447"/>
  <system-out/>
</testsuite> <!-- ecommerceproject.ecommerceproject.StandAloneTest -->
