<?xml version="1.0" encoding="UTF-8"?>
<!-- Generated by org.testng.reporters.JUnitReportReporter -->
<testsuite hostname="DESKTOP-NCKGJI9" failures="0" tests="1" name="ecommerceproject.ecommerceproject.ErrorValidationTest" time="14.589" errors="0" timestamp="2023-09-18T13:48:51 IST" skipped="0">
  <testcase classname="ecommerceproject.ecommerceproject.ErrorValidationTest" name="loginErrorValidation" time="14.589"/>
  <system-out/>
</testsuite> <!-- ecommerceproject.ecommerceproject.ErrorValidationTest -->
