<?xml version="1.0" encoding="UTF-8"?>
<!-- Generated by org.testng.reporters.JUnitReportReporter -->
<testsuite hostname="DESKTOP-NCKGJI9" failures="0" tests="4" name="ecommerceproject.ecommerceproject.SubmitOrderTest" time="53.550" errors="0" timestamp="2023-09-29T20:05:40 IST" skipped="0">
  <testcase classname="ecommerceproject.ecommerceproject.SubmitOrderTest" name="orderHistoryTest" time="16.436"/>
  <system-out/>
  <testcase classname="ecommerceproject.ecommerceproject.SubmitOrderTest" name="submitOrder" time="10.559"/>
  <system-out/>
  <testcase classname="ecommerceproject.ecommerceproject.SubmitOrderTest" name="orderHistoryTest" time="6.924"/>
  <system-out/>
  <testcase classname="ecommerceproject.ecommerceproject.SubmitOrderTest" name="submitOrder" time="19.631"/>
  <system-out/>
</testsuite> <!-- ecommerceproject.ecommerceproject.SubmitOrderTest -->
