<?xml version="1.0" encoding="UTF-8"?>
<!-- Generated by org.testng.reporters.JUnitReportReporter -->
<testsuite hostname="DESKTOP-NCKGJI9" failures="0" tests="1" name="ecommerceproject.ecommerceproject.TestComponent.ErrorValidation" time="14.425" errors="0" timestamp="2023-09-12T13:28:22 IST" skipped="0">
  <testcase classname="ecommerceproject.ecommerceproject.TestComponent.ErrorValidation" name="submitOrder" time="14.425"/>
  <system-out/>
</testsuite> <!-- ecommerceproject.ecommerceproject.TestComponent.ErrorValidation -->
