<?xml version="1.0" encoding="UTF-8"?>
<!-- Generated by org.testng.reporters.JUnitReportReporter -->
<testsuite hostname="DESKTOP-NCKGJI9" failures="0" tests="2" name="ecommerceproject.ecommerceproject.SubmitOrderTest" time="32.629" errors="0" timestamp="2023-09-18T13:33:25 IST" skipped="0">
  <testcase classname="ecommerceproject.ecommerceproject.SubmitOrderTest" name="orderHistoryTest" time="10.940"/>
  <system-out/>
  <testcase classname="ecommerceproject.ecommerceproject.SubmitOrderTest" name="submitOrder" time="21.689"/>
  <system-out/>
</testsuite> <!-- ecommerceproject.ecommerceproject.SubmitOrderTest -->
