<?xml version="1.0" encoding="UTF-8"?>
<!-- Generated by org.testng.reporters.JUnitReportReporter -->
<testsuite hostname="DESKTOP-NCKGJI9" failures="0" tests="4" name="ecommerceproject.ecommerceproject.SubmitOrderTest" time="44.183" errors="0" timestamp="2023-09-18T20:12:43 IST" skipped="0">
  <testcase classname="ecommerceproject.ecommerceproject.SubmitOrderTest" name="submitOrder" time="11.093"/>
  <system-out/>
  <testcase classname="ecommerceproject.ecommerceproject.SubmitOrderTest" name="orderHistoryTest" time="7.659"/>
  <system-out/>
  <testcase classname="ecommerceproject.ecommerceproject.SubmitOrderTest" name="orderHistoryTest" time="5.006"/>
  <system-out/>
  <testcase classname="ecommerceproject.ecommerceproject.SubmitOrderTest" name="submitOrder" time="20.425"/>
  <system-out/>
</testsuite> <!-- ecommerceproject.ecommerceproject.SubmitOrderTest -->
