<?xml version="1.0" encoding="UTF-8"?>
<!-- Generated by org.testng.reporters.JUnitReportReporter -->
<testsuite hostname="DESKTOP-NCKGJI9" failures="0" tests="1" name="ecommerceproject.ecommerceproject.StandAloneTest" time="54.837" errors="0" timestamp="2023-09-02T12:42:55 IST" skipped="0">
  <testcase classname="ecommerceproject.ecommerceproject.StandAloneTest" name="submitOrder" time="54.837"/>
  <system-out/>
</testsuite> <!-- ecommerceproject.ecommerceproject.StandAloneTest -->
