<?xml version="1.0" encoding="UTF-8"?>
<!-- Generated by org.testng.reporters.JUnitReportReporter -->
<testsuite hostname="DESKTOP-NCKGJI9" failures="0" tests="2" name="ecommerceproject.ecommerceproject.ErrorValidationTest" time="22.976" errors="0" timestamp="2023-10-01T12:33:56 IST" skipped="0">
  <testcase classname="ecommerceproject.ecommerceproject.ErrorValidationTest" name="productErrorValidation" time="18.080"/>
  <system-out/>
  <testcase classname="ecommerceproject.ecommerceproject.ErrorValidationTest" name="loginErrorValidation" time="4.896"/>
  <system-out/>
</testsuite> <!-- ecommerceproject.ecommerceproject.ErrorValidationTest -->
