<?xml version="1.0" encoding="UTF-8"?>
<!-- Generated by org.testng.reporters.JUnitReportReporter -->
<testsuite hostname="DESKTOP-NCKGJI9" failures="0" tests="2" name="ecommerceproject.ecommerceproject.ErrorValidationTest" time="26.853" errors="0" timestamp="2023-09-29T23:08:49 IST" skipped="0">
  <testcase classname="ecommerceproject.ecommerceproject.ErrorValidationTest" name="productErrorValidation" time="20.246"/>
  <system-out/>
  <testcase classname="ecommerceproject.ecommerceproject.ErrorValidationTest" name="loginErrorValidation" time="6.607"/>
  <system-out/>
</testsuite> <!-- ecommerceproject.ecommerceproject.ErrorValidationTest -->
